<?xml version="1.0" encoding="UTF-8" ?>
<testsuite tests="14" failures="0" name="Com.radical.basic.datadrivenSD.RunDataDrivenTest" time="0" errors="0" skipped="0">
  <properties>
[...]
</properties>
  <testcase classname="| Tom | Jerry |" name="Given User need to be on Facebook login page" time="0"/>
  <testcase classname="| Tom | Jerry |" name="When User enters user &quot;Tom&quot; first name" time="0"/>
  <testcase classname="| Tom | Jerry |" name="And User enters user &quot;Jerry&quot; surname" time="0"/>
  <testcase classname="| Tom | Jerry |" name="Then User checks user &quot;Tom&quot; first name is present" time="0"/>
  <testcase classname="| Tom | Jerry |" name="Then User Mobile field should be blank" time="0"/>
  <testcase classname="| Tom | Jerry |" name="Then close browser" time="0"/>
  <testcase classname="| Tom | Jerry |" name="| Tom | Jerry |" time="0"/>
  <testcase classname="| Lorren | hardy |" name="Given User need to be on Facebook login page" time="0"/>
  <testcase classname="| Lorren | hardy |" name="When User enters user &quot;Lorren&quot; first name" time="0"/>
  <testcase classname="| Lorren | hardy |" name="And User enters user &quot;hardy&quot; surname" time="0"/>
  <testcase classname="| Lorren | hardy |" name="Then User checks user &quot;Lorren&quot; first name is present" time="0"/>
  <testcase classname="| Lorren | hardy |" name="Then User Mobile field should be blank" time="0"/>
  <testcase classname="| Lorren | hardy |" name="Then close browser" time="0"/>
  <testcase classname="| Lorren | hardy |" name="| Lorren | hardy |" time="0"/>
</testsuite>